2025-04-04 18:41:59,989 - root - INFO - SKGP预测系统启动...
2025-04-04 18:41:59,995 - root - INFO - 配置文件加载成功
2025-04-04 18:42:22,061 - root - INFO - 预测器初始化完成
2025-04-04 18:42:22,062 - root - INFO - 开始中国市场预测...
2025-04-04 18:42:50,432 - root - INFO - 600519.SH 预测完成
2025-04-04 18:42:50,434 - root - INFO - 预测结果已保存到: result\600519.SH.json
2025-04-04 18:42:50,434 - root - INFO - 开始美国市场预测...
2025-04-04 18:43:08,821 - root - INFO - AAPL 预测完成
2025-04-04 18:43:08,823 - root - INFO - 预测结果已保存到: result\AAPL.json
2025-04-04 18:43:08,823 - root - INFO - SKGP预测系统运行完成
2025-04-04 18:45:03,732 - root - INFO - SKGP预测系统启动...
2025-04-04 18:45:03,736 - root - INFO - 配置文件加载成功
2025-04-04 18:45:03,765 - root - ERROR - 程序运行失败: 'data_root'
2025-04-04 18:50:50,950 - root - INFO - SKGP预测系统启动...
2025-04-04 18:50:50,953 - root - INFO - 配置文件加载成功
2025-04-04 18:50:52,835 - root - INFO - 预测器初始化完成
2025-04-04 18:50:52,835 - root - INFO - 开始中国市场预测...
2025-04-04 18:50:53,972 - root - INFO - 600519.SH 预测完成
2025-04-04 18:50:53,973 - root - INFO - 预测结果已保存到: result\600519.SH.json
2025-04-04 18:50:53,973 - root - INFO - 开始美国市场预测...
2025-04-04 18:50:55,384 - root - INFO - AAPL 预测完成
2025-04-04 18:50:55,395 - root - INFO - 预测结果已保存到: result\AAPL.json
2025-04-04 18:50:55,395 - root - INFO - SKGP预测系统运行完成
2025-04-04 18:52:54,386 - root - INFO - SKGP预测系统启动...
2025-04-04 18:52:54,389 - root - INFO - 配置文件加载成功
2025-04-04 18:53:50,873 - root - INFO - SKGP预测系统启动...
2025-04-04 18:53:50,878 - root - INFO - 配置文件加载成功
2025-04-04 18:54:12,301 - root - INFO - 预测器初始化完成
2025-04-04 18:54:12,302 - root - INFO - 开始中国市场预测...
2025-04-04 18:55:01,159 - root - INFO - SKGP预测系统启动...
2025-04-04 18:55:01,163 - root - INFO - 配置文件加载成功
2025-04-04 18:55:23,645 - root - INFO - 预测器初始化完成
2025-04-04 18:55:23,646 - root - INFO - 开始中国市场预测...
2025-04-04 19:01:12,421 - root - INFO - SKGP预测系统启动...
2025-04-04 19:01:12,425 - root - INFO - 配置文件加载成功
2025-04-04 19:01:34,624 - root - INFO - 预测器初始化完成
2025-04-04 19:01:34,624 - root - INFO - 开始中国市场预测...
2025-04-04 19:01:57,489 - root - INFO - SKGP预测系统启动...
2025-04-04 19:01:57,493 - root - INFO - 配置文件加载成功
2025-04-04 19:02:19,046 - root - INFO - 预测器初始化完成
2025-04-04 19:02:19,046 - root - INFO - 开始中国市场预测...
2025-04-04 19:08:42,001 - root - INFO - 600519.SH 预测完成
2025-04-04 19:08:42,018 - root - INFO - 预测结果已保存到: result\600519.SH.json
2025-04-04 19:08:42,018 - root - INFO - 开始美国市场预测...
2025-04-04 19:28:58,573 - root - INFO - SKGP预测系统启动...
2025-04-04 19:28:58,576 - root - INFO - 配置文件加载成功
2025-04-04 19:29:21,127 - root - INFO - 预测器初始化完成
2025-04-04 19:29:21,127 - root - INFO - 开始中国市场预测...
2025-04-04 19:32:28,152 - root - INFO - SKGP预测系统启动...
2025-04-04 19:32:28,158 - root - INFO - 配置文件加载成功
2025-04-04 19:32:51,064 - root - INFO - 预测器初始化完成
2025-04-04 19:32:51,064 - root - INFO - 开始中国市场预测...
